<?xml version="1.0" encoding="windows-1252" standalone="no"?>
<!DOCTYPE log SYSTEM "logger.dtd">
<log>
<record>
  <date>2025-07-28T15:22:15</date>
  <millis>1753734135640</millis>
  <sequence>0</sequence>
  <logger>mass_entry_modifier.UniqueValueComboBox</logger>
  <level>SEVERE</level>
  <class>mass_entry_modifier.UniqueValueComboBox</class>
  <method>updateValues</method>
  <thread>16</thread>
  <message>Error retrieving unique values for column Memory</message>
  <exception>
    <message>net.ucanaccess.jdbc.UcanaccessSQLException: UCAExc:::5.0.1 data exception: invalid character value for cast in statement [SELECT DISTINCT CStr(Format( MEMORY , '0.0')) AS Value FROM Inventory WHERE  MEMORY  IS NOT NULL AND  MEMORY  &lt;&gt; '']</message>
    <frame>
      <class>net.ucanaccess.jdbc.UcanaccessConnection</class>
      <method>prepareStatement</method>
      <line>555</line>
    </frame>
    <frame>
      <class>mass_entry_modifier.UniqueValueComboBox</class>
      <method>updateValues</method>
      <line>53</line>
    </frame>
    <frame>
      <class>mass_entry_modifier.UniqueValueComboBox</class>
      <method>lambda$0</method>
      <line>29</line>
    </frame>
    <frame>
      <class>javax.swing.JComboBox</class>
      <method>fireActionEvent</method>
      <line>1260</line>
    </frame>
    <frame>
      <class>javax.swing.JComboBox</class>
      <method>setSelectedItem</method>
      <line>588</line>
    </frame>
    <frame>
      <class>javax.swing.JComboBox</class>
      <method>setSelectedIndex</method>
      <line>624</line>
    </frame>
    <frame>
      <class>javax.swing.plaf.basic.BasicComboPopup$Handler</class>
      <method>mouseReleased</method>
      <line>868</line>
    </frame>
    <frame>
      <class>java.awt.AWTEventMulticaster</class>
      <method>mouseReleased</method>
      <line>290</line>
    </frame>
    <frame>
      <class>java.awt.Component</class>
      <method>processMouseEvent</method>
      <line>6539</line>
    </frame>
    <frame>
      <class>javax.swing.JComponent</class>
      <method>processMouseEvent</method>
      <line>3324</line>
    </frame>
    <frame>
      <class>javax.swing.plaf.basic.BasicComboPopup$1</class>
      <method>processMouseEvent</method>
      <line>517</line>
    </frame>
    <frame>
      <class>java.awt.Component</class>
      <method>processEvent</method>
      <line>6304</line>
    </frame>
    <frame>
      <class>java.awt.Container</class>
      <method>processEvent</method>
      <line>2239</line>
    </frame>
    <frame>
      <class>java.awt.Component</class>
      <method>dispatchEventImpl</method>
      <line>4889</line>
    </frame>
    <frame>
      <class>java.awt.Container</class>
      <method>dispatchEventImpl</method>
      <line>2297</line>
    </frame>
    <frame>
      <class>java.awt.Component</class>
      <method>dispatchEvent</method>
      <line>4711</line>
    </frame>
    <frame>
      <class>java.awt.LightweightDispatcher</class>
      <method>retargetMouseEvent</method>
      <line>4904</line>
    </frame>
    <frame>
      <class>java.awt.LightweightDispatcher</class>
      <method>processMouseEvent</method>
      <line>4535</line>
    </frame>
    <frame>
      <class>java.awt.LightweightDispatcher</class>
      <method>dispatchEvent</method>
      <line>4476</line>
    </frame>
    <frame>
      <class>java.awt.Container</class>
      <method>dispatchEventImpl</method>
      <line>2283</line>
    </frame>
    <frame>
      <class>java.awt.Window</class>
      <method>dispatchEventImpl</method>
      <line>2746</line>
    </frame>
    <frame>
      <class>java.awt.Component</class>
      <method>dispatchEvent</method>
      <line>4711</line>
    </frame>
    <frame>
      <class>java.awt.EventQueue</class>
      <method>dispatchEventImpl</method>
      <line>760</line>
    </frame>
    <frame>
      <class>java.awt.EventQueue</class>
      <method>access$500</method>
      <line>97</line>
    </frame>
    <frame>
      <class>java.awt.EventQueue$3</class>
      <method>run</method>
      <line>709</line>
    </frame>
    <frame>
      <class>java.awt.EventQueue$3</class>
      <method>run</method>
      <line>703</line>
    </frame>
    <frame>
      <class>java.security.AccessController</class>
      <method>doPrivileged</method>
    </frame>
    <frame>
      <class>java.security.ProtectionDomain$JavaSecurityAccessImpl</class>
      <method>doIntersectionPrivilege</method>
      <line>74</line>
    </frame>
    <frame>
      <class>java.security.ProtectionDomain$JavaSecurityAccessImpl</class>
      <method>doIntersectionPrivilege</method>
      <line>84</line>
    </frame>
    <frame>
      <class>java.awt.EventQueue$4</class>
      <method>run</method>
      <line>733</line>
    </frame>
    <frame>
      <class>java.awt.EventQueue$4</class>
      <method>run</method>
      <line>731</line>
    </frame>
    <frame>
      <class>java.security.AccessController</class>
      <method>doPrivileged</method>
    </frame>
    <frame>
      <class>java.security.ProtectionDomain$JavaSecurityAccessImpl</class>
      <method>doIntersectionPrivilege</method>
      <line>74</line>
    </frame>
    <frame>
      <class>java.awt.EventQueue</class>
      <method>dispatchEvent</method>
      <line>730</line>
    </frame>
    <frame>
      <class>java.awt.EventDispatchThread</class>
      <method>pumpOneEventForFilters</method>
      <line>205</line>
    </frame>
    <frame>
      <class>java.awt.EventDispatchThread</class>
      <method>pumpEventsForFilter</method>
      <line>116</line>
    </frame>
    <frame>
      <class>java.awt.EventDispatchThread</class>
      <method>pumpEventsForHierarchy</method>
      <line>105</line>
    </frame>
    <frame>
      <class>java.awt.EventDispatchThread</class>
      <method>pumpEvents</method>
      <line>101</line>
    </frame>
    <frame>
      <class>java.awt.EventDispatchThread</class>
      <method>pumpEvents</method>
      <line>93</line>
    </frame>
    <frame>
      <class>java.awt.EventDispatchThread</class>
      <method>run</method>
      <line>82</line>
    </frame>
  </exception>
</record>
<record>
  <date>2025-07-28T15:24:31</date>
  <millis>1753734271628</millis>
  <sequence>1</sequence>
  <logger>mass_entry_modifier.UniqueValueComboBox</logger>
  <level>SEVERE</level>
  <class>mass_entry_modifier.UniqueValueComboBox</class>
  <method>updateValues</method>
  <thread>16</thread>
  <message>Error retrieving unique values for column Last_Successful_Scan</message>
  <exception>
    <message>net.ucanaccess.jdbc.UcanaccessSQLException: UCAExc:::5.0.1 incompatible data types in combination in statement [SELECT DISTINCT Format( LAST_SUCCESSFUL_SCAN , 'yyyy-mm-dd') AS Value FROM Inventory WHERE  LAST_SUCCESSFUL_SCAN  IS NOT NULL AND  LAST_SUCCESSFUL_SCAN  &lt;&gt; ''] 
 This exception may  happen if you add integers representing units of time directly to datetime values using the arithmetic plus operator but without specifying the unit of date. 
   In this specific case you have to use, for example, &lt;dateColumn&gt; + 1 DAY.</message>
    <frame>
      <class>net.ucanaccess.jdbc.UcanaccessConnection</class>
      <method>prepareStatement</method>
      <line>555</line>
    </frame>
    <frame>
      <class>mass_entry_modifier.UniqueValueComboBox</class>
      <method>updateValues</method>
      <line>53</line>
    </frame>
    <frame>
      <class>mass_entry_modifier.UniqueValueComboBox</class>
      <method>lambda$0</method>
      <line>29</line>
    </frame>
    <frame>
      <class>javax.swing.JComboBox</class>
      <method>fireActionEvent</method>
      <line>1260</line>
    </frame>
    <frame>
      <class>javax.swing.JComboBox</class>
      <method>setSelectedItem</method>
      <line>588</line>
    </frame>
    <frame>
      <class>javax.swing.JComboBox</class>
      <method>setSelectedIndex</method>
      <line>624</line>
    </frame>
    <frame>
      <class>javax.swing.plaf.basic.BasicComboPopup$Handler</class>
      <method>mouseReleased</method>
      <line>868</line>
    </frame>
    <frame>
      <class>java.awt.AWTEventMulticaster</class>
      <method>mouseReleased</method>
      <line>290</line>
    </frame>
    <frame>
      <class>java.awt.Component</class>
      <method>processMouseEvent</method>
      <line>6539</line>
    </frame>
    <frame>
      <class>javax.swing.JComponent</class>
      <method>processMouseEvent</method>
      <line>3324</line>
    </frame>
    <frame>
      <class>javax.swing.plaf.basic.BasicComboPopup$1</class>
      <method>processMouseEvent</method>
      <line>517</line>
    </frame>
    <frame>
      <class>java.awt.Component</class>
      <method>processEvent</method>
      <line>6304</line>
    </frame>
    <frame>
      <class>java.awt.Container</class>
      <method>processEvent</method>
      <line>2239</line>
    </frame>
    <frame>
      <class>java.awt.Component</class>
      <method>dispatchEventImpl</method>
      <line>4889</line>
    </frame>
    <frame>
      <class>java.awt.Container</class>
      <method>dispatchEventImpl</method>
      <line>2297</line>
    </frame>
    <frame>
      <class>java.awt.Component</class>
      <method>dispatchEvent</method>
      <line>4711</line>
    </frame>
    <frame>
      <class>java.awt.LightweightDispatcher</class>
      <method>retargetMouseEvent</method>
      <line>4904</line>
    </frame>
    <frame>
      <class>java.awt.LightweightDispatcher</class>
      <method>processMouseEvent</method>
      <line>4535</line>
    </frame>
    <frame>
      <class>java.awt.LightweightDispatcher</class>
      <method>dispatchEvent</method>
      <line>4476</line>
    </frame>
    <frame>
      <class>java.awt.Container</class>
      <method>dispatchEventImpl</method>
      <line>2283</line>
    </frame>
    <frame>
      <class>java.awt.Window</class>
      <method>dispatchEventImpl</method>
      <line>2746</line>
    </frame>
    <frame>
      <class>java.awt.Component</class>
      <method>dispatchEvent</method>
      <line>4711</line>
    </frame>
    <frame>
      <class>java.awt.EventQueue</class>
      <method>dispatchEventImpl</method>
      <line>760</line>
    </frame>
    <frame>
      <class>java.awt.EventQueue</class>
      <method>access$500</method>
      <line>97</line>
    </frame>
    <frame>
      <class>java.awt.EventQueue$3</class>
      <method>run</method>
      <line>709</line>
    </frame>
    <frame>
      <class>java.awt.EventQueue$3</class>
      <method>run</method>
      <line>703</line>
    </frame>
    <frame>
      <class>java.security.AccessController</class>
      <method>doPrivileged</method>
    </frame>
    <frame>
      <class>java.security.ProtectionDomain$JavaSecurityAccessImpl</class>
      <method>doIntersectionPrivilege</method>
      <line>74</line>
    </frame>
    <frame>
      <class>java.security.ProtectionDomain$JavaSecurityAccessImpl</class>
      <method>doIntersectionPrivilege</method>
      <line>84</line>
    </frame>
    <frame>
      <class>java.awt.EventQueue$4</class>
      <method>run</method>
      <line>733</line>
    </frame>
    <frame>
      <class>java.awt.EventQueue$4</class>
      <method>run</method>
      <line>731</line>
    </frame>
    <frame>
      <class>java.security.AccessController</class>
      <method>doPrivileged</method>
    </frame>
    <frame>
      <class>java.security.ProtectionDomain$JavaSecurityAccessImpl</class>
      <method>doIntersectionPrivilege</method>
      <line>74</line>
    </frame>
    <frame>
      <class>java.awt.EventQueue</class>
      <method>dispatchEvent</method>
      <line>730</line>
    </frame>
    <frame>
      <class>java.awt.EventDispatchThread</class>
      <method>pumpOneEventForFilters</method>
      <line>205</line>
    </frame>
    <frame>
      <class>java.awt.EventDispatchThread</class>
      <method>pumpEventsForFilter</method>
      <line>116</line>
    </frame>
    <frame>
      <class>java.awt.EventDispatchThread</class>
      <method>pumpEventsForHierarchy</method>
      <line>105</line>
    </frame>
    <frame>
      <class>java.awt.EventDispatchThread</class>
      <method>pumpEvents</method>
      <line>101</line>
    </frame>
    <frame>
      <class>java.awt.EventDispatchThread</class>
      <method>pumpEvents</method>
      <line>93</line>
    </frame>
    <frame>
      <class>java.awt.EventDispatchThread</class>
      <method>run</method>
      <line>82</line>
    </frame>
  </exception>
</record>
<record>
  <date>2025-07-28T15:24:39</date>
  <millis>1753734279024</millis>
  <sequence>2</sequence>
  <logger>mass_entry_modifier.UniqueValueComboBox</logger>
  <level>SEVERE</level>
  <class>mass_entry_modifier.UniqueValueComboBox</class>
  <method>updateValues</method>
  <thread>16</thread>
  <message>Error retrieving unique values for column Last_Successful_Scan</message>
  <exception>
    <message>net.ucanaccess.jdbc.UcanaccessSQLException: UCAExc:::5.0.1 incompatible data types in combination in statement [SELECT DISTINCT Format( LAST_SUCCESSFUL_SCAN , 'yyyy-mm-dd') AS Value FROM Inventory WHERE  LAST_SUCCESSFUL_SCAN  IS NOT NULL AND  LAST_SUCCESSFUL_SCAN  &lt;&gt; ''] 
 This exception may  happen if you add integers representing units of time directly to datetime values using the arithmetic plus operator but without specifying the unit of date. 
   In this specific case you have to use, for example, &lt;dateColumn&gt; + 1 DAY.</message>
    <frame>
      <class>net.ucanaccess.jdbc.UcanaccessConnection</class>
      <method>prepareStatement</method>
      <line>555</line>
    </frame>
    <frame>
      <class>mass_entry_modifier.UniqueValueComboBox</class>
      <method>updateValues</method>
      <line>53</line>
    </frame>
    <frame>
      <class>mass_entry_modifier.UniqueValueComboBox</class>
      <method>lambda$0</method>
      <line>29</line>
    </frame>
    <frame>
      <class>javax.swing.JComboBox</class>
      <method>fireActionEvent</method>
      <line>1260</line>
    </frame>
    <frame>
      <class>javax.swing.JComboBox</class>
      <method>setSelectedItem</method>
      <line>588</line>
    </frame>
    <frame>
      <class>javax.swing.JComboBox</class>
      <method>setSelectedIndex</method>
      <line>624</line>
    </frame>
    <frame>
      <class>javax.swing.plaf.basic.BasicComboPopup$Handler</class>
      <method>mouseReleased</method>
      <line>868</line>
    </frame>
    <frame>
      <class>java.awt.AWTEventMulticaster</class>
      <method>mouseReleased</method>
      <line>290</line>
    </frame>
    <frame>
      <class>java.awt.Component</class>
      <method>processMouseEvent</method>
      <line>6539</line>
    </frame>
    <frame>
      <class>javax.swing.JComponent</class>
      <method>processMouseEvent</method>
      <line>3324</line>
    </frame>
    <frame>
      <class>javax.swing.plaf.basic.BasicComboPopup$1</class>
      <method>processMouseEvent</method>
      <line>517</line>
    </frame>
    <frame>
      <class>java.awt.Component</class>
      <method>processEvent</method>
      <line>6304</line>
    </frame>
    <frame>
      <class>java.awt.Container</class>
      <method>processEvent</method>
      <line>2239</line>
    </frame>
    <frame>
      <class>java.awt.Component</class>
      <method>dispatchEventImpl</method>
      <line>4889</line>
    </frame>
    <frame>
      <class>java.awt.Container</class>
      <method>dispatchEventImpl</method>
      <line>2297</line>
    </frame>
    <frame>
      <class>java.awt.Component</class>
      <method>dispatchEvent</method>
      <line>4711</line>
    </frame>
    <frame>
      <class>java.awt.LightweightDispatcher</class>
      <method>retargetMouseEvent</method>
      <line>4904</line>
    </frame>
    <frame>
      <class>java.awt.LightweightDispatcher</class>
      <method>processMouseEvent</method>
      <line>4535</line>
    </frame>
    <frame>
      <class>java.awt.LightweightDispatcher</class>
      <method>dispatchEvent</method>
      <line>4476</line>
    </frame>
    <frame>
      <class>java.awt.Container</class>
      <method>dispatchEventImpl</method>
      <line>2283</line>
    </frame>
    <frame>
      <class>java.awt.Window</class>
      <method>dispatchEventImpl</method>
      <line>2746</line>
    </frame>
    <frame>
      <class>java.awt.Component</class>
      <method>dispatchEvent</method>
      <line>4711</line>
    </frame>
    <frame>
      <class>java.awt.EventQueue</class>
      <method>dispatchEventImpl</method>
      <line>760</line>
    </frame>
    <frame>
      <class>java.awt.EventQueue</class>
      <method>access$500</method>
      <line>97</line>
    </frame>
    <frame>
      <class>java.awt.EventQueue$3</class>
      <method>run</method>
      <line>709</line>
    </frame>
    <frame>
      <class>java.awt.EventQueue$3</class>
      <method>run</method>
      <line>703</line>
    </frame>
    <frame>
      <class>java.security.AccessController</class>
      <method>doPrivileged</method>
    </frame>
    <frame>
      <class>java.security.ProtectionDomain$JavaSecurityAccessImpl</class>
      <method>doIntersectionPrivilege</method>
      <line>74</line>
    </frame>
    <frame>
      <class>java.security.ProtectionDomain$JavaSecurityAccessImpl</class>
      <method>doIntersectionPrivilege</method>
      <line>84</line>
    </frame>
    <frame>
      <class>java.awt.EventQueue$4</class>
      <method>run</method>
      <line>733</line>
    </frame>
    <frame>
      <class>java.awt.EventQueue$4</class>
      <method>run</method>
      <line>731</line>
    </frame>
    <frame>
      <class>java.security.AccessController</class>
      <method>doPrivileged</method>
    </frame>
    <frame>
      <class>java.security.ProtectionDomain$JavaSecurityAccessImpl</class>
      <method>doIntersectionPrivilege</method>
      <line>74</line>
    </frame>
    <frame>
      <class>java.awt.EventQueue</class>
      <method>dispatchEvent</method>
      <line>730</line>
    </frame>
    <frame>
      <class>java.awt.EventDispatchThread</class>
      <method>pumpOneEventForFilters</method>
      <line>205</line>
    </frame>
    <frame>
      <class>java.awt.EventDispatchThread</class>
      <method>pumpEventsForFilter</method>
      <line>116</line>
    </frame>
    <frame>
      <class>java.awt.EventDispatchThread</class>
      <method>pumpEventsForHierarchy</method>
      <line>105</line>
    </frame>
    <frame>
      <class>java.awt.EventDispatchThread</class>
      <method>pumpEvents</method>
      <line>101</line>
    </frame>
    <frame>
      <class>java.awt.EventDispatchThread</class>
      <method>pumpEvents</method>
      <line>93</line>
    </frame>
    <frame>
      <class>java.awt.EventDispatchThread</class>
      <method>run</method>
      <line>82</line>
    </frame>
  </exception>
</record>
</log>
